0 info it worked if it ends with ok
1 verbose cli [ '/usr/local/Cellar/node/6.4.0/bin/node',
1 verbose cli   '/usr/local/bin/npm',
1 verbose cli   'run',
1 verbose cli   'client-dev' ]
2 info using npm@3.10.3
3 info using node@v6.4.0
4 verbose run-script [ 'preclient-dev', 'client-dev', 'postclient-dev' ]
5 info lifecycle dadchat@1.0.0~preclient-dev: dadchat@1.0.0
6 silly lifecycle dadchat@1.0.0~preclient-dev: no script for preclient-dev, continuing
7 info lifecycle dadchat@1.0.0~client-dev: dadchat@1.0.0
8 verbose lifecycle dadchat@1.0.0~client-dev: unsafe-perm in lifecycle true
9 verbose lifecycle dadchat@1.0.0~client-dev: PATH: /usr/local/lib/node_modules/npm/bin/node-gyp-bin:/Users/cpachomski/Documents/Node/DadChat/node_modules/.bin:/usr/local/Cellar/node/6.4.0/bin:/usr/local/bin:/usr/bin:/bin:/usr/sbin:/sbin
10 verbose lifecycle dadchat@1.0.0~client-dev: CWD: /Users/cpachomski/Documents/Node/DadChat
11 silly lifecycle dadchat@1.0.0~client-dev: Args: [ '-c', 'webpack-dev-server --hot --progress --inline' ]
12 silly lifecycle dadchat@1.0.0~client-dev: Returned: code: 1  signal: null
13 info lifecycle dadchat@1.0.0~client-dev: Failed to exec client-dev script
14 verbose stack Error: dadchat@1.0.0 client-dev: `webpack-dev-server --hot --progress --inline`
14 verbose stack Exit status 1
14 verbose stack     at EventEmitter.<anonymous> (/usr/local/lib/node_modules/npm/lib/utils/lifecycle.js:242:16)
14 verbose stack     at emitTwo (events.js:106:13)
14 verbose stack     at EventEmitter.emit (events.js:191:7)
14 verbose stack     at ChildProcess.<anonymous> (/usr/local/lib/node_modules/npm/lib/utils/spawn.js:40:14)
14 verbose stack     at emitTwo (events.js:106:13)
14 verbose stack     at ChildProcess.emit (events.js:191:7)
14 verbose stack     at maybeClose (internal/child_process.js:852:16)
14 verbose stack     at Process.ChildProcess._handle.onexit (internal/child_process.js:215:5)
15 verbose pkgid dadchat@1.0.0
16 verbose cwd /Users/cpachomski/Documents/Node/DadChat
17 error Darwin 15.6.0
18 error argv "/usr/local/Cellar/node/6.4.0/bin/node" "/usr/local/bin/npm" "run" "client-dev"
19 error node v6.4.0
20 error npm  v3.10.3
21 error code ELIFECYCLE
22 error dadchat@1.0.0 client-dev: `webpack-dev-server --hot --progress --inline`
22 error Exit status 1
23 error Failed at the dadchat@1.0.0 client-dev script 'webpack-dev-server --hot --progress --inline'.
23 error Make sure you have the latest version of node.js and npm installed.
23 error If you do, this is most likely a problem with the dadchat package,
23 error not with npm itself.
23 error Tell the author that this fails on your system:
23 error     webpack-dev-server --hot --progress --inline
23 error You can get information on how to open an issue for this project with:
23 error     npm bugs dadchat
23 error Or if that isn't available, you can get their info via:
23 error     npm owner ls dadchat
23 error There is likely additional logging output above.
24 verbose exit [ 1, true ]
